Updating system with the options from the configuration file
Maximum wallclock time: 1:00:00

Mon Aug 22 14:02:46 2022
Iteration 1 (50 requested)
Beginning iteration 1
50 segments remain in iteration 1 (50 total)
1 of 1 (100.000000%) active bins are populated
per-bin minimum non-zero probability:       1
per-bin maximum probability:                1
per-bin probability dynamic range (kT):     0
per-segment minimum non-zero probability:   0.02
per-segment maximum non-zero probability:   0.02
per-segment probability dynamic range (kT): 0
norm = 1, error in norm = 0 (0*epsilon)
Waiting for segments to complete...
pcoords [9.43153   9.678051  9.557186  9.289674  9.246533  9.485546  9.419741
 9.742942  9.352319  9.395822  9.469405  9.386988  9.721972  9.28358
 9.161995  9.524912  9.438602  9.623505  9.491051  9.660415  9.6957855
 9.446088  9.478768  9.452191  9.27524   9.40339   9.631922  9.524802
 9.537915  9.631719  9.33116   9.725656  9.679061  9.49673   9.4717245
 9.5418825 9.698702  9.376228  9.630537  9.450697  9.6877365 9.412808
 9.640756  9.514696  9.666113  9.586652  9.527053  9.3498335 9.518971
 9.3970785]
weights [0.02 0.02 0.02 0.02 0.02 0.02 0.02 0.02 0.02 0.02 0.02 0.02 0.02 0.02
 0.02 0.02 0.02 0.02 0.02 0.02 0.02 0.02 0.02 0.02 0.02 0.02 0.02 0.02
 0.02 0.02 0.02 0.02 0.02 0.02 0.02 0.02 0.02 0.02 0.02 0.02 0.02 0.02
 0.02 0.02 0.02 0.02 0.02 0.02 0.02 0.02]
Initial weight sum:  1.0
-- INFO     [wevo] -- Starting variance optimization: 2505.290507279608
-- INFO     [wevo] -- WEVO ran for 9 cycles
-- INFO     [wevo] -- 
To split: 50 total: 8 being split 
 [0, 0, 0, 0, 0, 0, 0, 1, 0, 0, 0, 0, 0, 0, 7, 0, 0, 0, 0, 0, 0, 0, 0, 0, 0, 0, 0, 0, 0, 0, 0, 0, 0, 0, 0, 0, 0, 0, 0, 0, 0, 0, 0, 0, 0, 0, 0, 0, 0, 0]
-- INFO     [wevo] -- 
To merge: 50 total: 8 being merged 
 [[16], [], [], [], [], [], [], [], [], [], [22, 34], [], [], [], [], [], [], [], [33, 5], [], [], [39, 23, 6], [], [], [], [], [], [], [], [], [], [], [], [], [], [], [], [], [], [], [], [], [], [], [], [], [], [], [], []]
Final variation value after 9 wevo cycles:  6992.315573808528
Bin attrs post WEVO:  <Bin at 0x1650632e0, label=None, count=50, weight=1>
Total = 50, splitting = 8, merging = 12
Iteration completed successfully
Iteration wallclock: 0:00:00.093399, cputime: 0:00:00


Mon Aug 22 14:02:46 2022
Iteration 2 (50 requested)
Beginning iteration 2
50 segments remain in iteration 2 (50 total)
1 of 1 (100.000000%) active bins are populated
per-bin minimum non-zero probability:       1
per-bin maximum probability:                1
per-bin probability dynamic range (kT):     0
per-segment minimum non-zero probability:   0.0025
per-segment maximum non-zero probability:   0.08
per-segment probability dynamic range (kT): 3.46574
norm = 1, error in norm = 0 (0*epsilon)
Waiting for segments to complete...
pcoords [9.244136  9.265802  9.2003145 9.0201845 9.28149   9.265062  9.323575
 9.240364  9.911615  9.9540205 9.456322  9.605521  9.945869  9.45466
 9.709828  9.2734165 9.368983  9.920962  9.418933  9.768385  9.235037
 9.290388  9.529673  9.532111  9.391112  9.4191065 9.459569  9.35851
 9.757664  9.205713  9.977537  9.169412  9.8302    9.467263  9.710049
 9.538211  9.227258  9.708846  9.572815  9.826111  9.130472  9.547939
 9.490447  9.536131  9.5530815 9.67491   9.467703  9.61095   9.5788555
 9.3661   ]
weights [0.0025 0.0025 0.0025 0.0025 0.0025 0.0025 0.0025 0.0025 0.01   0.01
 0.02   0.02   0.02   0.02   0.02   0.02   0.02   0.02   0.02   0.02
 0.02   0.02   0.02   0.02   0.02   0.02   0.02   0.02   0.02   0.02
 0.02   0.02   0.02   0.02   0.02   0.02   0.02   0.02   0.02   0.02
 0.02   0.02   0.02   0.02   0.02   0.02   0.04   0.06   0.06   0.08  ]
Initial weight sum:  1.0000000000000002
-- INFO     [wevo] -- Starting variance optimization: 20271.64950463202
-- INFO     [wevo] -- WEVO ran for 20 cycles
-- INFO     [wevo] -- 
To split: 50 total: 19 being split 
 [0, 0, 0, 10, 0, 0, 0, 0, 0, 0, 0, 0, 0, 0, 0, 0, 0, 0, 0, 0, 0, 0, 0, 0, 0, 0, 0, 0, 0, 0, 9, 0, 0, 0, 0, 0, 0, 0, 0, 0, 0, 0, 0, 0, 0, 0, 0, 0, 0, 0]
-- INFO     [wevo] -- 
To merge: 50 total: 19 being merged 
 [[], [], [], [], [], [], [], [], [], [], [], [], [], [26, 10], [], [], [], [], [], [], [], [], [], [], [], [], [], [], [], [], [], [], [], [], [], [43, 22, 23, 6, 4, 1, 5, 0, 7, 2, 26, 8], [], [], [], [], [], [44, 38], [], [], [], [], [42, 33, 8], [], [], []]
Final variation value after 20 wevo cycles:  81758.43542498052
Bin attrs post WEVO:  <Bin at 0x1650634a0, label=None, count=52, weight=1.03>
Total = 50, splitting = 19, merging = 23
Iteration completed successfully
Iteration wallclock: 0:00:00.107640, cputime: 0:00:00


Mon Aug 22 14:02:47 2022
Iteration 3 (50 requested)
Beginning iteration 3
52 segments remain in iteration 3 (52 total)
exception caught; shutting down
-- ERROR    [w_run] -- Traceback (most recent call last):
  File "/Users/darian/github/wevo/westpa/src/westpa/cli/core/w_run.py", line 62, in run_simulation
    sim_manager.run()
  File "/Users/darian/github/wevo/westpa/src/westpa/core/sim_manager.py", line 746, in run
    self.prepare_iteration()
  File "/Users/darian/github/wevo/westpa/src/westpa/core/sim_manager.py", line 483, in prepare_iteration
    self.report_bin_statistics(initial_binning, [], save_summary=True)
  File "/Users/darian/github/wevo/westpa/src/westpa/core/sim_manager.py", line 179, in report_bin_statistics
    assert abs(1 - norm) < EPS * (len(segments) + n_active_bins)
AssertionError

