wevo - INFO - Starting variance optimization: 3408.674610025214
wevo - INFO - WEVO ran for 36 cycles
wevo - INFO - 
To split: 50 total: 35 being split 
 [0, 0, 0, 18, 0, 0, 0, 0, 0, 0, 0, 0, 0, 0, 0, 0, 0, 0, 0, 17, 0, 0, 0, 0, 0, 0, 0, 0, 0, 0, 0, 0, 0, 0, 0, 0, 0, 0, 0, 0, 0, 0, 0, 0, 0, 0, 0, 0, 0, 0]
wevo - INFO - 
To merge: 50 total: 35 being merged 
 [[], [12, 42, 23], [], [], [], [], [33, 47, 20], [], [16, 13], [], [31, 48, 5], [], [], [], [24, 15, 43], [], [], [], [2, 39, 26], [], [], [], [], [], [], [], [], [36, 25, 4], [], [], [45, 38, 9], [], [], [], [], [], [], [0, 21, 40], [], [], [], [28, 22, 11], [], [], [34, 7, 32], [], [35, 29, 49], [], [], []]
wevo - INFO - Starting variance optimization: 59408.585733673164
wevo - INFO - WEVO ran for 32 cycles
wevo - INFO - 
To split: 50 total: 31 being split 
 [0, 4, 0, 0, 0, 0, 0, 0, 7, 1, 0, 0, 0, 0, 0, 0, 0, 0, 0, 0, 0, 0, 0, 0, 15, 0, 0, 0, 0, 0, 0, 0, 0, 1, 0, 0, 0, 0, 0, 0, 0, 0, 0, 0, 0, 0, 0, 0, 0, 3]
wevo - INFO - 
To merge: 50 total: 31 being merged 
 [[], [], [], [], [], [], [], [], [], [], [], [], [], [], [], [], [], [], [], [], [], [], [], [], [], [], [], [], [], [], [], [], [38], [], [], [], [], [7, 6, 11, 10, 17, 4, 2, 12, 0], [], [], [], [], [], [13, 15, 25, 16, 18, 19, 31, 34], [30, 36], [21, 3, 20, 22, 29, 35, 27, 26, 23, 5, 14], [], [], [], []]
wevo - INFO - Starting variance optimization: 144149.35253241664
wevo - INFO - WEVO ran for 33 cycles
wevo - INFO - 
To split: 50 total: 32 being split 
 [0, 0, 0, 0, 0, 0, 0, 0, 0, 0, 0, 0, 0, 0, 0, 0, 0, 0, 0, 0, 0, 0, 0, 0, 0, 0, 0, 0, 0, 0, 0, 19, 0, 0, 13, 0, 0, 0, 0, 0, 0, 0, 0, 0, 0, 0, 0, 0, 0, 0]
wevo - INFO - 
To merge: 50 total: 32 being merged 
 [[], [], [], [], [], [], [], [], [], [], [], [], [], [], [], [], [], [], [], [], [], [], [], [], [], [], [], [], [], [], [], [], [], [], [], [36, 37], [], [], [], [13, 33, 5, 38], [22, 16, 25, 29, 24, 20, 23, 28], [9], [], [], [], [], [], [6, 11, 12, 7, 8, 1, 2, 32, 0, 10, 4, 18, 15, 30, 17, 19], [3], []]
wevo - INFO - Starting variance optimization: 498565.34600507346
wevo - INFO - WEVO ran for 27 cycles
wevo - INFO - 
To split: 50 total: 26 being split 
 [0, 0, 0, 0, 0, 0, 4, 0, 0, 0, 0, 8, 0, 0, 0, 0, 0, 0, 0, 3, 0, 0, 0, 0, 0, 6, 0, 0, 0, 1, 2, 0, 0, 0, 0, 0, 2, 0, 0, 0, 0, 0, 0, 0, 0, 0, 0, 0, 0, 0]
wevo - INFO - 
To merge: 50 total: 26 being merged 
 [[], [], [], [], [], [], [], [], [], [], [], [], [], [], [], [], [], [], [], [], [], [], [], [], [], [], [], [], [], [], [], [], [], [], [], [], [], [], [], [16, 1], [], [], [35, 28, 23, 34, 37, 33, 31, 21, 32], [], [17, 9, 2, 15, 14, 7], [8], [3, 5, 13, 4, 20, 12], [], [22, 24], []]
wevo - INFO - Starting variance optimization: 656379.85413076
wevo - INFO - WEVO ran for 30 cycles
wevo - INFO - 
To split: 50 total: 29 being split 
 [0, 0, 0, 0, 0, 0, 1, 0, 9, 0, 0, 0, 0, 0, 0, 0, 0, 7, 0, 0, 0, 0, 0, 0, 0, 1, 0, 0, 0, 2, 0, 0, 3, 0, 0, 0, 3, 0, 0, 0, 0, 3, 0, 0, 0, 0, 0, 0, 0, 0]
wevo - INFO - 
To merge: 50 total: 29 being merged 
 [[], [], [], [], [19, 13, 18, 0, 10, 15], [], [], [], [], [], [], [], [], [], [], [], [], [], [], [], [], [], [], [], [], [], [], [], [], [], [], [], [], [], [], [], [], [], [24, 30, 33, 23, 31, 21, 28, 35, 22, 37], [], [], [], [34], [5, 11, 16, 9, 1, 3, 2, 14, 12], [26], [7, 20], [], [], [], []]
wevo - INFO - Starting variance optimization: 1107255.6736842229
wevo - INFO - WEVO ran for 29 cycles
wevo - INFO - 
To split: 50 total: 28 being split 
 [0, 0, 0, 0, 0, 17, 0, 0, 0, 0, 0, 0, 0, 0, 0, 0, 0, 0, 0, 0, 0, 0, 0, 0, 0, 0, 0, 2, 0, 0, 2, 0, 0, 1, 0, 0, 0, 6, 0, 0, 0, 0, 0, 0, 0, 0, 0, 0, 0, 0]
wevo - INFO - 
To merge: 50 total: 28 being merged 
 [[], [], [], [], [], [], [], [], [], [], [], [], [], [], [], [17, 18, 3, 14, 13, 7, 10, 1, 8, 6, 11, 2, 9, 12, 16, 19], [], [], [], [], [], [], [], [], [], [], [], [], [], [], [], [], [], [], [], [], [35], [], [], [38, 28, 29, 31, 34, 23, 24, 32], [], [], [], [], [], [20, 4], [], [], [25], []]
wevo - INFO - Starting variance optimization: 1419971.15638197
wevo - INFO - WEVO ran for 28 cycles
wevo - INFO - 
To split: 50 total: 27 being split 
 [0, 5, 0, 0, 0, 9, 0, 0, 0, 0, 0, 0, 0, 0, 0, 1, 0, 0, 0, 0, 0, 0, 0, 0, 0, 0, 0, 0, 0, 0, 0, 1, 0, 3, 3, 0, 5, 0, 0, 0, 0, 0, 0, 0, 0, 0, 0, 0, 0, 0]
wevo - INFO - 
To merge: 50 total: 27 being merged 
 [[], [], [], [], [], [], [], [], [], [], [], [], [], [], [], [], [], [], [16, 9, 14, 8, 13, 11, 17, 7, 4, 2, 6, 0, 3], [], [], [], [], [], [], [], [], [], [], [], [], [], [], [], [], [], [], [], [], [], [25, 24, 30, 20, 27], [], [], [22, 37, 28], [19], [], [26, 21, 23, 32, 35], [], [], []]
wevo - INFO - Starting variance optimization: 1822058.8956224483
wevo - INFO - WEVO ran for 20 cycles
wevo - INFO - 
To split: 50 total: 19 being split 
 [0, 1, 4, 0, 0, 1, 0, 3, 0, 0, 0, 0, 0, 0, 0, 0, 0, 0, 0, 0, 0, 0, 0, 0, 0, 0, 0, 0, 0, 0, 0, 0, 0, 0, 0, 0, 0, 0, 0, 0, 0, 0, 0, 0, 0, 0, 0, 0, 10, 0]
wevo - INFO - 
To merge: 50 total: 19 being merged 
 [[], [], [], [], [], [], [], [], [], [], [], [], [], [], [], [], [], [], [], [], [14, 9, 16, 6, 18, 12, 19, 17, 3], [], [], [], [], [], [], [], [], [], [], [], [], [], [], [], [], [], [], [], [], [21, 27, 30, 23, 36, 34, 24, 35, 29], [], [], [], [], [], [], [], [33]]
wevo - INFO - Starting variance optimization: 1958635.890831897
wevo - INFO - WEVO ran for 23 cycles
wevo - INFO - 
To split: 50 total: 22 being split 
 [0, 1, 0, 0, 0, 6, 0, 0, 1, 0, 0, 0, 0, 0, 2, 0, 3, 0, 0, 0, 0, 0, 0, 0, 0, 0, 0, 0, 0, 0, 2, 1, 0, 0, 0, 0, 2, 0, 2, 2, 0, 0, 0, 0, 0, 0, 0, 0, 0, 0]
wevo - INFO - 
To merge: 50 total: 22 being merged 
 [[], [], [], [], [], [], [], [], [], [], [], [], [], [9], [], [], [], [19, 10, 7, 11, 15, 12, 4, 18, 0, 6], [], [], [], [], [], [], [], [], [], [], [], [], [], [], [], [], [], [], [], [], [], [], [32, 29, 22, 26, 24], [], [], [20, 3], [], [37], [33], [], [27, 25], []]
wevo - INFO - Starting variance optimization: 2514527.18959039
wevo - INFO - WEVO ran for 22 cycles
wevo - INFO - 
To split: 50 total: 21 being split 
 [0, 0, 0, 0, 0, 9, 0, 0, 0, 0, 3, 0, 0, 0, 0, 0, 0, 0, 0, 0, 0, 0, 0, 0, 0, 0, 0, 0, 0, 0, 0, 0, 0, 0, 0, 0, 0, 0, 0, 0, 0, 0, 0, 0, 0, 0, 0, 9, 0, 0]
wevo - INFO - 
To merge: 50 total: 21 being merged 
 [[], [], [], [12], [], [], [], [], [], [], [], [], [], [], [], [], [], [], [], [15, 13, 7, 20, 17, 1, 4, 6, 2, 8, 14], [], [], [], [], [], [], [], [], [], [], [], [], [], [], [], [27, 21, 38, 22, 28, 39, 31, 32], [], [], [], [], [], [], [], [], [], [30], [], [], [], []]
wevo - INFO - Starting variance optimization: 3555109.455102236
wevo - INFO - WEVO ran for 16 cycles
wevo - INFO - 
To split: 50 total: 15 being split 
 [0, 0, 0, 0, 0, 0, 0, 0, 0, 0, 0, 13, 0, 0, 0, 0, 0, 0, 0, 0, 0, 0, 0, 0, 0, 0, 0, 0, 0, 0, 0, 0, 1, 0, 0, 0, 0, 0, 0, 1, 0, 0, 0, 0, 0, 0, 0, 0, 0, 0]
wevo - INFO - 
To merge: 50 total: 15 being merged 
 [[], [], [], [], [], [], [], [], [], [], [], [], [], [], [], [], [], [], [], [], [12, 16, 5, 4, 15, 17, 9, 13, 10, 3, 14, 8], [], [], [], [], [], [], [], [], [], [], [], [], [], [], [], [], [], [22], [], [], [], [], [], [34], [26], [], [], [], []]
wevo - INFO - Starting variance optimization: 4278399.077032054
wevo - INFO - WEVO ran for 11 cycles
wevo - INFO - 
To split: 50 total: 10 being split 
 [0, 1, 0, 0, 0, 0, 1, 0, 1, 2, 0, 1, 0, 0, 0, 0, 1, 0, 0, 0, 0, 0, 0, 0, 0, 0, 0, 0, 1, 0, 0, 0, 0, 0, 0, 1, 0, 0, 1, 0, 0, 0, 0, 0, 0, 0, 0, 0, 0, 0]
wevo - INFO - 
To merge: 50 total: 10 being merged 
 [[], [], [], [20, 7, 5, 10, 17, 0], [], [], [], [], [], [], [], [], [], [], [], [], [], [], [], [18], [], [], [], [], [], [], [], [], [], [], [], [], [], [], [], [], [], [], [], [], [34, 30], [], [26], [], [], [], [], [], [], []]
wevo - INFO - Starting variance optimization: 5129214.4660137575
wevo - INFO - WEVO ran for 16 cycles
wevo - INFO - 
To split: 50 total: 15 being split 
 [0, 0, 0, 0, 0, 0, 0, 0, 0, 0, 0, 2, 0, 0, 2, 0, 0, 2, 0, 0, 0, 0, 0, 0, 0, 0, 2, 0, 0, 0, 0, 0, 0, 0, 0, 3, 0, 0, 0, 0, 0, 0, 0, 0, 0, 0, 4, 0, 0, 0]
wevo - INFO - 
To merge: 50 total: 15 being merged 
 [[], [], [], [], [], [], [], [], [12], [], [], [], [], [0], [], [], [], [], [], [], [], [20, 15, 19, 18], [], [], [], [], [], [], [], [], [], [], [], [], [24, 28], [], [], [], [], [], [37, 39, 33], [], [], [36, 25], [32], [30], [], [], [], []]
wevo - INFO - Starting variance optimization: 5623006.695298687
wevo - INFO - WEVO ran for 17 cycles
wevo - INFO - 
To split: 50 total: 16 being split 
 [0, 0, 0, 0, 0, 0, 0, 0, 0, 0, 0, 0, 0, 0, 0, 0, 0, 0, 0, 0, 0, 10, 0, 0, 0, 0, 0, 0, 0, 0, 0, 0, 0, 0, 1, 0, 0, 1, 0, 0, 0, 0, 0, 0, 0, 0, 0, 4, 0, 0]
wevo - INFO - 
To merge: 50 total: 16 being merged 
 [[], [], [], [], [], [], [], [], [], [], [], [], [18, 1, 15, 0], [], [], [], [], [], [], [20, 16, 8, 5, 13, 10], [], [], [], [], [], [], [], [], [], [], [], [], [], [], [], [], [], [], [], [31, 40, 32, 25, 33], [], [], [], [28], [], [], [], [], [], []]
wevo - INFO - Starting variance optimization: 6491830.590246833
wevo - INFO - WEVO ran for 23 cycles
wevo - INFO - 
To split: 50 total: 22 being split 
 [0, 0, 0, 0, 0, 0, 0, 0, 0, 0, 0, 0, 15, 0, 0, 0, 0, 0, 0, 0, 0, 0, 0, 0, 0, 0, 0, 0, 0, 0, 1, 1, 1, 0, 3, 0, 0, 0, 0, 1, 0, 0, 0, 0, 0, 0, 0, 0, 0, 0]
wevo - INFO - 
To merge: 50 total: 22 being merged 
 [[5], [], [], [], [], [], [7, 3], [], [], [], [], [20, 9, 10, 16, 14, 15, 21, 19, 13, 17], [], [], [], [], [], [], [4, 8], [], [], [], [], [], [], [], [], [], [], [], [], [], [], [], [], [], [], [29, 26], [], [], [], [40, 36, 28, 27], [], [], [], [], [24], [], [], []]
wevo - INFO - Starting variance optimization: 7323799.048867223
wevo - INFO - WEVO ran for 25 cycles
wevo - INFO - 
To split: 50 total: 24 being split 
 [0, 0, 0, 0, 1, 6, 0, 0, 0, 0, 0, 0, 0, 2, 3, 0, 0, 0, 0, 2, 0, 0, 0, 0, 0, 0, 0, 0, 0, 0, 0, 0, 0, 0, 0, 0, 0, 0, 0, 0, 0, 0, 0, 0, 0, 0, 0, 0, 0, 10]
wevo - INFO - 
To merge: 50 total: 24 being merged 
 [[], [], [], [], [], [], [], [], [], [], [], [], [], [], [], [], [], [], [], [], [], [17, 16, 8, 10, 15, 3, 7, 18, 0, 6, 11, 12, 20, 2], [], [], [], [], [], [], [], [], [], [], [37], [], [], [], [], [], [], [], [39, 31, 27, 34, 24, 23, 28, 33, 35], [], [], [], [], [], [], [], [], []]
wevo - INFO - Starting variance optimization: 9150775.222165931
wevo - INFO - WEVO ran for 10 cycles
wevo - INFO - 
To split: 50 total: 9 being split 
 [0, 1, 1, 0, 1, 0, 1, 0, 0, 0, 1, 0, 0, 0, 0, 0, 0, 0, 0, 2, 0, 0, 0, 0, 0, 0, 0, 0, 0, 1, 0, 0, 1, 0, 0, 0, 0, 0, 0, 0, 0, 0, 0, 0, 0, 0, 0, 0, 0, 0]
wevo - INFO - 
To merge: 50 total: 9 being merged 
 [[], [], [], [7], [], [], [], [], [], [], [], [], [], [], [], [], [], [], [], [], [0], [5, 15, 18, 14], [], [], [], [31], [], [], [], [], [], [], [], [], [], [], [], [], [], [], [], [], [28], [], [], [22], [], [], [], []]
wevo - INFO - Starting variance optimization: 9890670.378599457
wevo - INFO - WEVO ran for 9 cycles
wevo - INFO - 
To split: 50 total: 8 being split 
 [2, 0, 0, 0, 0, 1, 0, 0, 0, 0, 0, 0, 0, 0, 0, 0, 0, 0, 0, 0, 0, 3, 0, 0, 0, 0, 0, 0, 0, 0, 0, 1, 0, 0, 0, 0, 0, 0, 0, 0, 0, 0, 0, 1, 0, 0, 0, 0, 0, 0]
wevo - INFO - 
To merge: 50 total: 8 being merged 
 [[], [], [], [], [], [], [], [], [], [], [], [], [], [1, 6, 15], [], [], [], [], [], [], [], [], [18, 14, 9], [], [], [], [], [], [], [], [], [], [], [], [], [], [], [], [], [], [], [], [36, 24], [], [], [], [], [], [], []]
wevo - INFO - Starting variance optimization: 10616627.640318142
wevo - INFO - WEVO ran for 10 cycles
wevo - INFO - 
To split: 50 total: 9 being split 
 [2, 0, 0, 0, 0, 2, 0, 0, 0, 0, 0, 0, 0, 0, 0, 0, 0, 0, 0, 1, 0, 0, 0, 0, 0, 0, 0, 0, 0, 0, 0, 0, 0, 0, 0, 0, 0, 0, 0, 0, 3, 1, 0, 0, 0, 0, 0, 0, 0, 0]
wevo - INFO - 
To merge: 50 total: 9 being merged 
 [[], [], [], [], [], [], [], [], [], [], [], [], [], [], [], [3], [], [], [], [], [], [], [20, 18, 17, 13], [], [], [], [], [], [], [], [], [], [], [], [31, 36, 32], [], [], [], [], [], [], [], [], [23], [], [], [], [], [], []]
wevo - INFO - Starting variance optimization: 10412806.767516537
wevo - INFO - WEVO ran for 19 cycles
wevo - INFO - 
To split: 50 total: 18 being split 
 [0, 0, 0, 0, 0, 0, 0, 0, 0, 1, 0, 1, 0, 0, 0, 0, 0, 0, 7, 0, 0, 0, 0, 0, 0, 0, 0, 0, 0, 0, 0, 0, 0, 0, 0, 0, 0, 0, 0, 1, 1, 0, 0, 0, 0, 6, 0, 1, 0, 0]
wevo - INFO - 
To merge: 50 total: 18 being merged 
 [[], [], [], [], [], [], [], [], [], [], [], [], [], [], [], [12], [], [], [], [], [], [], [4, 20, 16, 19, 14, 13, 21, 7], [], [], [], [], [], [], [], [], [], [], [], [], [], [], [], [], [], [], [33, 24, 31, 27, 23, 25, 29, 26, 34], [], [], [], [], [], [], [], []]
wevo - INFO - Starting variance optimization: 11975170.688401623
wevo - INFO - WEVO ran for 6 cycles
wevo - INFO - 
To split: 50 total: 5 being split 
 [0, 0, 0, 0, 0, 0, 3, 1, 0, 0, 0, 0, 0, 0, 0, 0, 0, 0, 0, 0, 0, 0, 0, 0, 0, 0, 0, 0, 0, 0, 0, 0, 0, 1, 0, 0, 0, 0, 0, 0, 0, 0, 0, 0, 0, 0, 0, 0, 0, 0]
wevo - INFO - 
To merge: 50 total: 5 being merged 
 [[], [], [], [], [], [], [], [], [], [], [], [], [], [], [], [], [], [], [], [3, 12], [], [], [21, 20], [42], [], [], [], [], [], [], [], [], [], [], [], [], [], [], [], [], [], [], [], [], [], [], [], [], [], []]
wevo - INFO - Starting variance optimization: 12700162.398655344
wevo - INFO - WEVO ran for 5 cycles
wevo - INFO - 
To split: 50 total: 4 being split 
 [0, 0, 0, 0, 0, 0, 0, 1, 0, 0, 0, 0, 0, 0, 1, 0, 0, 0, 0, 0, 1, 0, 0, 0, 0, 0, 0, 0, 0, 1, 0, 0, 0, 0, 0, 0, 0, 0, 0, 0, 0, 0, 0, 0, 0, 0, 0, 0, 0, 0]
wevo - INFO - 
To merge: 50 total: 4 being merged 
 [[], [], [], [], [], [], [], [], [], [], [], [], [], [], [], [], [], [], [], [18, 6, 9], [], [], [], [], [], [], [], [], [], [], [], [], [], [], [], [], [], [], [], [40], [], [], [], [], [], [], [], [], [], []]
wevo - INFO - Starting variance optimization: 11985073.023873925
wevo - INFO - WEVO ran for 8 cycles
wevo - INFO - 
To split: 50 total: 7 being split 
 [0, 0, 0, 0, 0, 0, 0, 0, 1, 0, 1, 0, 0, 0, 0, 0, 0, 1, 0, 0, 0, 1, 0, 0, 0, 0, 0, 0, 1, 0, 0, 0, 0, 0, 0, 0, 1, 0, 0, 0, 0, 0, 0, 0, 1, 0, 0, 0, 0, 0]
wevo - INFO - 
To merge: 50 total: 7 being merged 
 [[], [], [], [], [], [], [], [], [], [], [], [], [], [1], [], [12], [], [], [], [], [18, 9], [], [], [], [], [], [], [], [], [], [], [], [], [], [], [], [], [], [40, 30], [], [], [27], [], [], [], [], [], [], [], []]
wevo - INFO - Starting variance optimization: 12375688.847444307
wevo - INFO - WEVO ran for 6 cycles
wevo - INFO - 
To split: 50 total: 5 being split 
 [0, 0, 0, 0, 0, 0, 0, 0, 0, 0, 0, 0, 0, 0, 0, 0, 0, 1, 0, 1, 1, 0, 0, 0, 0, 0, 0, 0, 0, 0, 0, 0, 0, 0, 0, 0, 0, 0, 0, 0, 2, 0, 0, 0, 0, 0, 0, 0, 0, 0]
wevo - INFO - 
To merge: 50 total: 5 being merged 
 [[], [], [], [4], [], [], [], [], [], [], [], [], [], [], [], [], [], [], [], [], [], [14, 0], [], [], [], [], [], [], [], [], [], [], [], [], [42, 36], [], [], [], [], [], [], [], [], [], [], [], [], [], [], []]
wevo - INFO - Starting variance optimization: 13401523.666151531
wevo - INFO - WEVO ran for 11 cycles
wevo - INFO - 
To split: 50 total: 10 being split 
 [0, 0, 0, 0, 0, 0, 0, 0, 0, 1, 0, 0, 0, 0, 0, 2, 0, 0, 0, 0, 1, 0, 0, 0, 0, 0, 0, 0, 0, 1, 0, 0, 0, 0, 0, 0, 3, 2, 0, 0, 0, 0, 0, 0, 0, 0, 0, 0, 0, 0]
wevo - INFO - 
To merge: 50 total: 10 being merged 
 [[], [], [], [], [], [17, 10], [], [], [], [], [], [], [], [], [], [], [13], [], [], [], [], [], [21], [], [], [], [], [], [], [], [], [41, 35, 34, 26], [], [], [], [], [], [], [], [], [], [], [], [], [23, 27], [], [], [], [], []]
wevo - INFO - Starting variance optimization: 14429863.932423502
wevo - INFO - WEVO ran for 3 cycles
wevo - INFO - 
To split: 50 total: 2 being split 
 [0, 0, 0, 0, 0, 0, 0, 0, 0, 0, 0, 0, 1, 0, 0, 0, 0, 0, 0, 0, 0, 0, 0, 0, 0, 0, 0, 0, 0, 0, 0, 0, 0, 0, 0, 0, 0, 0, 1, 0, 0, 0, 0, 0, 0, 0, 0, 0, 0, 0]
wevo - INFO - 
To merge: 50 total: 2 being merged 
 [[], [], [], [], [], [], [], [], [], [], [], [], [], [], [], [], [], [], [], [], [21], [], [], [], [], [], [], [], [], [], [], [], [], [], [], [], [], [], [], [], [35], [], [], [], [], [], [], [], [], []]
wevo - INFO - Starting variance optimization: 14991048.857747976
wevo - INFO - WEVO ran for 4 cycles
wevo - INFO - 
To split: 50 total: 3 being split 
 [0, 0, 0, 0, 0, 0, 0, 0, 0, 0, 0, 0, 0, 0, 0, 0, 0, 1, 0, 0, 0, 0, 0, 0, 0, 0, 0, 0, 0, 0, 1, 0, 0, 0, 0, 0, 0, 0, 1, 0, 0, 0, 0, 0, 0, 0, 0, 0, 0, 0]
wevo - INFO - 
To merge: 50 total: 3 being merged 
 [[], [], [], [], [], [], [], [], [], [], [], [], [], [], [], [], [], [], [], [], [], [20, 11], [], [], [], [], [], [], [], [], [], [], [], [], [], [], [], [], [], [], [24], [], [], [], [], [], [], [], [], []]
wevo - INFO - Starting variance optimization: 14781746.761164125
wevo - INFO - WEVO ran for 7 cycles
wevo - INFO - 
To split: 50 total: 6 being split 
 [0, 0, 0, 0, 0, 0, 0, 0, 0, 0, 0, 0, 0, 0, 0, 0, 0, 0, 0, 0, 0, 1, 0, 0, 0, 0, 0, 0, 0, 0, 0, 0, 0, 0, 0, 0, 0, 0, 0, 5, 0, 0, 0, 0, 0, 0, 0, 0, 0, 0]
wevo - INFO - 
To merge: 50 total: 6 being merged 
 [[], [], [], [], [], [], [], [], [], [], [], [], [], [], [], [], [], [], [], [], [17], [], [], [], [], [], [], [], [], [], [], [], [], [], [], [], [], [], [], [], [38], [30, 25, 33, 34], [], [], [], [], [], [], [], []]
wevo - INFO - Starting variance optimization: 16470253.919138802
wevo - INFO - WEVO ran for 5 cycles
wevo - INFO - 
To split: 50 total: 4 being split 
 [0, 0, 0, 0, 0, 0, 0, 0, 0, 0, 0, 0, 0, 0, 0, 0, 0, 0, 0, 0, 0, 3, 0, 0, 0, 0, 0, 0, 0, 0, 0, 0, 0, 0, 1, 0, 0, 0, 0, 0, 0, 0, 0, 0, 0, 0, 0, 0, 0, 0]
wevo - INFO - 
To merge: 50 total: 4 being merged 
 [[], [], [], [], [], [], [], [], [], [], [], [], [], [], [], [], [], [1], [], [], [19, 12], [], [], [], [], [], [], [], [], [], [], [], [], [], [], [], [], [], [], [], [], [], [39], [], [], [], [], [], [], []]
wevo - INFO - Starting variance optimization: 17460379.574630648
wevo - INFO - WEVO ran for 23 cycles
wevo - INFO - 
To split: 50 total: 22 being split 
 [0, 0, 0, 0, 0, 0, 0, 0, 0, 0, 0, 0, 0, 0, 1, 0, 0, 0, 0, 0, 8, 0, 0, 0, 1, 0, 0, 0, 0, 0, 0, 0, 0, 0, 0, 0, 0, 0, 0, 0, 4, 0, 0, 0, 0, 0, 0, 0, 8, 0]
wevo - INFO - 
To merge: 50 total: 22 being merged 
 [[], [], [], [12], [], [], [], [10], [], [], [], [], [], [], [], [], [], [], [6, 21, 15, 16, 13, 19, 17], [], [], [], [], [], [], [], [], [], [], [], [], [], [], [], [], [31, 38, 34, 33, 32, 23, 30, 36, 28], [], [39], [], [], [], [], [27, 25], [22], [], [], [], [], [], []]
