Updating system with the options from the configuration file
Maximum wallclock time: 1:00:00

Mon Jul 25 12:48:42 2022
Iteration 1 (50 requested)
Beginning iteration 1
50 segments remain in iteration 1 (50 total)
1 of 10 (10.000000%) active bins are populated
per-bin minimum non-zero probability:       1
per-bin maximum probability:                1
per-bin probability dynamic range (kT):     0
per-segment minimum non-zero probability:   0.02
per-segment maximum non-zero probability:   0.02
per-segment probability dynamic range (kT): 0
norm = 1, error in norm = 0 (0*epsilon)
Waiting for segments to complete...
pcoords [9.953432  9.585583  9.434632  9.490797  9.460501  9.488132  9.540954
 9.501596  9.339811  9.506557  9.417813  9.276434  9.64943   9.469084
 9.392704  9.429915  9.361082  9.587119  9.55398   9.642668  9.400114
 9.530403  9.51804   9.5234585 9.313456  9.3261595 9.533719  9.529769
 9.621996  9.515986  9.609231  9.377839  9.495958  9.521651  9.636878
 9.345461  9.478976  9.473103  9.582246  9.446061  9.380284  9.48288
 9.903846  9.621541  9.452814  9.585622  9.617555  9.7406    9.521141
 9.489115 ]
weights [0.02 0.02 0.02 0.02 0.02 0.02 0.02 0.02 0.02 0.02 0.02 0.02 0.02 0.02
 0.02 0.02 0.02 0.02 0.02 0.02 0.02 0.02 0.02 0.02 0.02 0.02 0.02 0.02
 0.02 0.02 0.02 0.02 0.02 0.02 0.02 0.02 0.02 0.02 0.02 0.02 0.02 0.02
 0.02 0.02 0.02 0.02 0.02 0.02 0.02 0.02]
-- INFO     [wevo] -- Using greedy merge algorithm
-- INFO     [wevo] -- Starting variance optimization: 2856.1592819207153
-- INFO     [wevo] -- Running cycle 1
-- INFO     [wevo] -- Variance move to 4083.525954993058 accepted
-- INFO     [wevo] -- variance after selection: 4084.7502072274947
-- INFO     [wevo] -- Running cycle 2
-- INFO     [wevo] -- Variance move to 5270.195639456332 accepted
-- INFO     [wevo] -- variance after selection: 5270.135454477168
-- INFO     [wevo] -- Running cycle 3
-- INFO     [wevo] -- Variance move to 6423.349773270232 accepted
-- INFO     [wevo] -- variance after selection: 6423.269016779344
-- INFO     [wevo] -- Running cycle 4
-- INFO     [wevo] -- Variance move to 7550.362157835398 accepted
-- INFO     [wevo] -- variance after selection: 7550.674463826266
-- INFO     [wevo] -- Running cycle 5
-- INFO     [wevo] -- Variance move to 8656.250885819885 accepted
-- INFO     [wevo] -- variance after selection: 8656.228333685804
-- INFO     [wevo] -- Running cycle 6
-- INFO     [wevo] -- Variance move to 9741.839159770761 accepted
-- INFO     [wevo] -- variance after selection: 9741.851407318672
-- INFO     [wevo] -- Running cycle 7
-- INFO     [wevo] -- Variance move to 10810.472747232478 accepted
-- INFO     [wevo] -- variance after selection: 10811.066640685825
-- INFO     [wevo] -- Running cycle 8
-- INFO     [wevo] -- Variance move to 11862.397993484807 accepted
-- INFO     [wevo] -- variance after selection: 11862.081099178824
-- INFO     [wevo] -- Running cycle 9
-- INFO     [wevo] -- Variance move to 12896.735521006634 accepted
-- INFO     [wevo] -- variance after selection: 12901.09773925732
-- INFO     [wevo] -- Running cycle 10
-- INFO     [wevo] -- Variance move to 13886.017222325658 accepted
-- INFO     [wevo] -- variance after selection: 13861.932343370805
-- INFO     [wevo] -- Running cycle 11
-- INFO     [wevo] -- Variance move to 14830.520629811383 accepted
-- INFO     [wevo] -- variance after selection: 14816.164763326502
-- INFO     [wevo] -- Running cycle 12
-- INFO     [wevo] -- Not productive
-- INFO     [wevo] -- 
To merge: 50 total: 11 being merged 
 [[], [38, 6, 18], [], [], [], [], [], [], [], [], [], [], [], [], [], [], [], [45, 12, 26], [], [], [], [], [], [], [], [], [], [], [], [], [], [], [], [], [], [], [], [], [], [], [], [], [], [28, 46, 30, 19, 34], [], [], [], [], [], []]
-- INFO     [wevo] -- 
To split: 50 total: 11 being split 
 [10, 0, 0, 0, 0, 0, 0, 0, 0, 0, 0, 1, 0, 0, 0, 0, 0, 0, 0, 0, 0, 0, 0, 0, 0, 0, 0, 0, 0, 0, 0, 0, 0, 0, 0, 0, 0, 0, 0, 0, 0, 0, 0, 0, 0, 0, 0, 0, 0, 0]
-- INFO     [wevo] -- WEVO ran for 12 cycles
Final variation value after 12 wevo cycles:  14816.164763326502
Final weight sum:  1.0
Iteration completed successfully
Iteration wallclock: 0:00:00.102616, cputime: 0:00:00


Mon Jul 25 12:48:42 2022
Iteration 2 (50 requested)
Beginning iteration 2
51 segments remain in iteration 2 (51 total)
1 of 10 (10.000000%) active bins are populated
per-bin minimum non-zero probability:       1
per-bin maximum probability:                1
per-bin probability dynamic range (kT):     0
per-segment minimum non-zero probability:   0.002
per-segment maximum non-zero probability:   0.1
per-segment probability dynamic range (kT): 3.91202
norm = 1, error in norm = 0 (0*epsilon)
Waiting for segments to complete...
pcoords [9.930142  9.991562  9.852558  9.933972  9.985125  9.888172  9.925492
 9.990894  9.998595  9.914542  9.568766  9.535641  9.418072  9.347937
 9.615563  9.209149  9.296844  9.266325  9.481171  9.467753  9.648374
 9.462713  9.450139  9.517851  9.322768  9.656892  9.497133  9.457
 9.607347  9.576687  9.413629  9.626543  9.454598  9.28673   9.9473095
 9.373003  9.500335  9.941782  9.389023  9.904943  9.429326  9.47405
 9.45728   9.237286  9.488024  9.255005  9.503557  9.849546  9.585246
 9.806818  9.75233  ]
weights [0.002 0.002 0.002 0.002 0.002 0.002 0.002 0.002 0.002 0.002 0.02  0.02
 0.02  0.02  0.02  0.02  0.02  0.02  0.02  0.02  0.02  0.02  0.02  0.02
 0.02  0.02  0.02  0.02  0.02  0.02  0.02  0.02  0.02  0.02  0.02  0.02
 0.02  0.02  0.02  0.02  0.02  0.02  0.02  0.02  0.02  0.02  0.02  0.02
 0.06  0.06  0.1  ]
-- INFO     [wevo] -- Using greedy merge algorithm
-- INFO     [wevo] -- Starting variance optimization: 18838.73752647568
-- INFO     [wevo] -- Running cycle 1
-- INFO     [wevo] -- Variance move to 20665.835358265445 accepted
-- INFO     [wevo] -- variance after selection: 20665.995500138004
-- INFO     [wevo] -- Running cycle 2
-- INFO     [wevo] -- Variance move to 22427.143464340326 accepted
-- INFO     [wevo] -- variance after selection: 22425.92521593527
-- INFO     [wevo] -- Running cycle 3
-- INFO     [wevo] -- Variance move to 24270.508314284914 accepted
-- INFO     [wevo] -- variance after selection: 24267.38445278626
-- INFO     [wevo] -- Running cycle 4
-- INFO     [wevo] -- Variance move to 25467.84353209625 accepted
-- INFO     [wevo] -- variance after selection: 25448.853170583752
-- INFO     [wevo] -- Running cycle 5
-- INFO     [wevo] -- Variance move to 26490.008160197285 accepted
-- INFO     [wevo] -- variance after selection: 26464.7416841959
-- INFO     [wevo] -- Running cycle 6
-- INFO     [wevo] -- Variance move to 27257.74650182213 accepted
-- INFO     [wevo] -- variance after selection: 27227.238090160714
-- INFO     [wevo] -- Running cycle 7
-- INFO     [wevo] -- Variance move to 27903.674740632352 accepted
-- INFO     [wevo] -- variance after selection: 27871.2748108583
-- INFO     [wevo] -- Running cycle 8
-- INFO     [wevo] -- Variance move to 28494.056607933384 accepted
-- INFO     [wevo] -- variance after selection: 28461.296014182568
-- INFO     [wevo] -- Running cycle 9
-- INFO     [wevo] -- Variance move to 28988.402100621202 accepted
-- INFO     [wevo] -- variance after selection: 28952.67860653348
-- INFO     [wevo] -- Running cycle 10
-- INFO     [wevo] -- Not productive
-- INFO     [wevo] -- 
To merge: 51 total: 9 being merged 
 [[], [], [], [], [], [], [], [], [], [], [], [], [], [], [], [], [], [], [], [], [], [], [], [], [], [], [], [], [14, 31, 29, 2, 5, 9, 6, 0, 3], [], [], [], [], [], [], [], [], [], [], [], [], [], [], [], [], [], [], [], [], [], []]
-- INFO     [wevo] -- 
To split: 51 total: 9 being split 
 [0, 1, 0, 0, 0, 0, 0, 1, 3, 0, 0, 0, 0, 0, 0, 4, 0, 0, 0, 0, 0, 0, 0, 0, 0, 0, 0, 0, 0, 0, 0, 0, 0, 0, 0, 0, 0, 0, 0, 0, 0, 0, 0, 0, 0, 0, 0, 0, 0, 0, 0]
-- INFO     [wevo] -- WEVO ran for 10 cycles
Final variation value after 10 wevo cycles:  28952.67860653348
Final weight sum:  1.0000000000000002
Iteration completed successfully
Iteration wallclock: 0:00:00.090675, cputime: 0:00:00


Mon Jul 25 12:48:43 2022
Iteration 3 (50 requested)
Beginning iteration 3
48 segments remain in iteration 3 (48 total)
1 of 10 (10.000000%) active bins are populated
per-bin minimum non-zero probability:       1
per-bin maximum probability:                1
per-bin probability dynamic range (kT):     0
per-segment minimum non-zero probability:   0.000666667
per-segment maximum non-zero probability:   0.1
per-segment probability dynamic range (kT): 5.01064
norm = 1, error in norm = 0 (0*epsilon)
Waiting for segments to complete...
pcoords [8.98971  8.967151]
weights [0.005 0.005]
-- INFO     [wevo] -- Using greedy merge algorithm
-- INFO     [wevo] -- Starting variance optimization: 0.00011526700655048625
-- INFO     [wevo] -- Running cycle 1
-- INFO     [wevo] -- 
To merge: 2 total: 0 being merged 
 [[], []]
-- INFO     [wevo] -- 
To split: 2 total: 0 being split 
 [0, 0]
-- INFO     [wevo] -- WEVO ran for 1 cycles
Final variation value after 1 wevo cycles:  0.00011526700655048625
Final weight sum:  0.01
pcoords [9.866241  9.938732  9.966256  9.935295  9.85441   9.68508   9.174281
 9.407746  9.844035  9.3326025 9.654234  9.529484  9.307888  9.525908
 9.388481  9.429945  9.88212   9.338062  9.380436  9.76267   9.301211
 9.546048  9.757807  9.470894  9.567519  9.354501  9.125189  9.566947
 9.489693  9.179944  9.259457  9.833271  9.402536  9.436491  9.555224
 9.3563595 9.515917  9.544102  9.06345   9.551009  9.450012  9.42552
 9.708431  9.506508  9.474483  9.623358 ]
weights [0.00066667 0.00066667 0.00066667 0.002      0.002      0.002
 0.005      0.005      0.02       0.02       0.02       0.02
 0.02       0.02       0.02       0.02       0.02       0.02
 0.02       0.02       0.02       0.02       0.02       0.02
 0.02       0.02       0.02       0.02       0.02       0.02
 0.02       0.02       0.02       0.02       0.02       0.02
 0.02       0.02       0.02       0.02       0.02       0.02
 0.06       0.06       0.072      0.1       ]
-- INFO     [wevo] -- Using greedy merge algorithm
-- INFO     [wevo] -- Starting variance optimization: 13248.00906320908
-- INFO     [wevo] -- Running cycle 1
-- INFO     [wevo] -- Variance move to 15585.167194674197 accepted
-- INFO     [wevo] -- variance after selection: 15584.883865234762
-- INFO     [wevo] -- Running cycle 2
-- INFO     [wevo] -- Variance move to 17831.289974167215 accepted
-- INFO     [wevo] -- variance after selection: 17830.89168481619
-- INFO     [wevo] -- Running cycle 3
-- INFO     [wevo] -- Variance move to 20005.874442776516 accepted
-- INFO     [wevo] -- variance after selection: 20006.807207168473
-- INFO     [wevo] -- Running cycle 4
-- INFO     [wevo] -- Variance move to 22324.271932610383 accepted
-- INFO     [wevo] -- variance after selection: 22326.14454441481
-- INFO     [wevo] -- Running cycle 5
-- INFO     [wevo] -- Variance move to 24647.865479714364 accepted
-- INFO     [wevo] -- variance after selection: 24642.348741537346
-- INFO     [wevo] -- Running cycle 6
-- INFO     [wevo] -- Variance move to 27061.495654149363 accepted
-- INFO     [wevo] -- variance after selection: 27050.639286282283
-- INFO     [wevo] -- Running cycle 7
-- INFO     [wevo] -- Variance move to 29460.92650773278 accepted
-- INFO     [wevo] -- variance after selection: 29455.016363327777
-- INFO     [wevo] -- Running cycle 8
-- INFO     [wevo] -- Variance move to 31705.71918704213 accepted
-- INFO     [wevo] -- variance after selection: 31697.32435928695
-- INFO     [wevo] -- Running cycle 9
-- INFO     [wevo] -- Variance move to 32751.32108951724 accepted
-- INFO     [wevo] -- variance after selection: 32709.722929620388
-- INFO     [wevo] -- Running cycle 10
-- INFO     [wevo] -- Variance move to 35381.16920356206 accepted
-- INFO     [wevo] -- variance after selection: 35366.59166188234
-- INFO     [wevo] -- Running cycle 11
-- INFO     [wevo] -- Variance move to 36567.52942532384 accepted
-- INFO     [wevo] -- variance after selection: 36476.211255298826
-- INFO     [wevo] -- Running cycle 12
-- INFO     [wevo] -- Variance move to 39300.75349839841 accepted
-- INFO     [wevo] -- variance after selection: 39303.011738417496
-- INFO     [wevo] -- Running cycle 13
-- INFO     [wevo] -- Variance move to 40311.23680544209 accepted
-- INFO     [wevo] -- variance after selection: 40295.74386487021
-- INFO     [wevo] -- Running cycle 14
-- INFO     [wevo] -- Variance move to 40346.938817522605 accepted
-- INFO     [wevo] -- variance after selection: 40277.19349408368
-- INFO     [wevo] -- Running cycle 15
-- INFO     [wevo] -- Not productive
-- INFO     [wevo] -- 
To merge: 46 total: 14 being merged 
 [[], [], [], [], [], [], [], [], [], [], [], [], [], [11, 37, 21], [], [], [], [], [], [], [], [], [], [40, 33], [], [], [], [], [], [], [], [], [], [], [39], [], [43, 7, 5, 4, 6, 0, 3], [], [], [], [], [], [], [], [28], []]
-- INFO     [wevo] -- 
To split: 46 total: 14 being split 
 [0, 0, 6, 0, 0, 0, 0, 0, 0, 0, 0, 0, 0, 0, 0, 0, 0, 0, 0, 0, 0, 0, 0, 0, 0, 0, 0, 0, 0, 0, 0, 0, 0, 0, 0, 0, 0, 0, 8, 0, 0, 0, 0, 0, 0, 0]
-- INFO     [wevo] -- WEVO ran for 15 cycles
Final variation value after 15 wevo cycles:  40277.19349408368
Final weight sum:  0.9900000000000003
Iteration completed successfully
Iteration wallclock: 0:00:00.089950, cputime: 0:00:00


Mon Jul 25 12:48:43 2022
Iteration 4 (50 requested)
Beginning iteration 4
51 segments remain in iteration 4 (51 total)
2 of 10 (20.000000%) active bins are populated
per-bin minimum non-zero probability:       0.01
per-bin maximum probability:                0.99
per-bin probability dynamic range (kT):     4.59512
per-segment minimum non-zero probability:   0.000111111
per-segment maximum non-zero probability:   0.1
per-segment probability dynamic range (kT): 6.80239
norm = 1, error in norm = 0 (0*epsilon)
Waiting for segments to complete...
pcoords [8.981798  8.8536    8.976243  8.8092985 8.883986 ]
weights [0.0025 0.0025 0.0025 0.0025 0.005 ]
-- INFO     [wevo] -- Using greedy merge algorithm
-- INFO     [wevo] -- Starting variance optimization: 0.9984531241071154
-- INFO     [wevo] -- Running cycle 1
-- INFO     [wevo] -- Variance move to 1.5071757502356797 accepted
-- INFO     [wevo] -- variance after selection: 1.4661147523115852
-- INFO     [wevo] -- Running cycle 2
-- INFO     [wevo] -- Variance move to 1.6723872099930068 accepted
-- INFO     [wevo] -- variance after selection: 1.524406525284453
-- INFO     [wevo] -- Running cycle 3
-- INFO     [wevo] -- Not productive
-- INFO     [wevo] -- 
To merge: 5 total: 2 being merged 
 [[], [], [], [], [1, 2]]
-- INFO     [wevo] -- 
To split: 5 total: 2 being split 
 [1, 0, 0, 1, 0]
-- INFO     [wevo] -- WEVO ran for 3 cycles
Final variation value after 3 wevo cycles:  1.524406525284453
Final weight sum:  0.015
pcoords [9.761644  9.8278475 9.863443  9.935087  9.969641  9.898435  9.991941
 9.001147  9.122636  9.005011  9.509088  9.018431  9.45607   9.351668
 9.354546  9.351672  9.183538  9.612643  9.524583  9.002793  9.913627
 9.876738  9.654895  9.517155  9.42183   9.464103  9.604139  9.419701
 9.529246  9.709777  9.260597  9.295383  9.378508  9.694931  9.647505
 9.985349  9.199218  9.782764  9.483825  9.590574  9.326126  9.575895
 9.718436  9.4449    9.3833275 9.541164 ]
weights [0.00011111 0.00011111 0.00011111 0.00011111 0.00011111 0.00011111
 0.00066667 0.0025     0.0025     0.0025     0.0025     0.005
 0.02       0.02       0.02       0.02       0.02       0.02
 0.02       0.02       0.02       0.02       0.02       0.02
 0.02       0.02       0.02       0.02       0.02       0.02
 0.02       0.02       0.02       0.02       0.02       0.02
 0.02       0.02       0.02       0.02       0.04       0.06
 0.06       0.072      0.07666667 0.1       ]
-- INFO     [wevo] -- Using greedy merge algorithm
-- INFO     [wevo] -- Starting variance optimization: 27881.05146021654
-- INFO     [wevo] -- Running cycle 1
-- INFO     [wevo] -- Variance move to 31671.573249857185 accepted
-- INFO     [wevo] -- variance after selection: 31671.877343038726
-- INFO     [wevo] -- Running cycle 2
-- INFO     [wevo] -- Variance move to 35312.78830951584 accepted
-- INFO     [wevo] -- variance after selection: 35315.64651165467
-- INFO     [wevo] -- Running cycle 3
-- INFO     [wevo] -- Variance move to 39050.59874314827 accepted
-- INFO     [wevo] -- variance after selection: 39048.19739231413
-- INFO     [wevo] -- Running cycle 4
-- INFO     [wevo] -- Variance move to 42933.1187988666 accepted
-- INFO     [wevo] -- variance after selection: 42936.41786334849
-- INFO     [wevo] -- Running cycle 5
-- INFO     [wevo] -- Variance move to 46879.85718224966 accepted
-- INFO     [wevo] -- variance after selection: 46878.629802343225
-- INFO     [wevo] -- Running cycle 6
-- INFO     [wevo] -- Variance move to 50892.2078927882 accepted
-- INFO     [wevo] -- variance after selection: 50860.128297046125
-- INFO     [wevo] -- Running cycle 7
-- INFO     [wevo] -- Variance move to 54998.51657841428 accepted
-- INFO     [wevo] -- variance after selection: 54981.37667994708
-- INFO     [wevo] -- Running cycle 8
-- INFO     [wevo] -- Variance move to 58427.460119839154 accepted
-- INFO     [wevo] -- variance after selection: 58425.766478619415
-- INFO     [wevo] -- Running cycle 9
-- INFO     [wevo] -- Variance move to 60571.96266824461 accepted
-- INFO     [wevo] -- variance after selection: 60489.5493248277
-- INFO     [wevo] -- Running cycle 10
-- INFO     [wevo] -- Variance move to 63464.12483524252 accepted
-- INFO     [wevo] -- variance after selection: 63461.28281268792
-- INFO     [wevo] -- Running cycle 11
-- INFO     [wevo] -- Variance move to 65997.79803859195 accepted
-- INFO     [wevo] -- variance after selection: 65994.22828405234
-- INFO     [wevo] -- Running cycle 12
-- INFO     [wevo] -- Variance move to 67749.38416873323 accepted
-- INFO     [wevo] -- variance after selection: 67744.58641892843
-- INFO     [wevo] -- Running cycle 13
-- INFO     [wevo] -- Variance move to 68291.24998770904 accepted
-- INFO     [wevo] -- variance after selection: 68002.65323370788
-- INFO     [wevo] -- Running cycle 14
-- INFO     [wevo] -- Variance move to 69314.92492547487 accepted
-- INFO     [wevo] -- variance after selection: 69309.08396297466
-- INFO     [wevo] -- Running cycle 15
-- INFO     [wevo] -- Variance move to 69404.76276258337 accepted
-- INFO     [wevo] -- variance after selection: 69251.53198315595
-- INFO     [wevo] -- Running cycle 16
-- INFO     [wevo] -- Variance move to 69962.0347079175 accepted
-- INFO     [wevo] -- variance after selection: 69955.04867167847
-- INFO     [wevo] -- Running cycle 17
-- INFO     [wevo] -- 
To merge: 46 total: 16 being merged 
 [[], [], [], [], [], [], [], [], [], [], [], [], [], [], [], [], [], [], [23, 10, 28, 39, 0, 1, 3, 4], [], [], [], [], [], [], [38, 12, 24, 8, 2, 5, 11, 9], [], [], [], [], [], [], [], [], [], [], [], [], [], [], [], [], [], [], [], []]
-- INFO     [wevo] -- 
To split: 46 total: 16 being split 
 [0, 0, 0, 0, 0, 0, 0, 1, 0, 0, 0, 0, 0, 0, 0, 0, 0, 0, 0, 8, 0, 0, 0, 0, 0, 0, 0, 0, 0, 0, 0, 0, 0, 0, 0, 7, 0, 0, 0, 0, 0, 0, 0, 0, 0, 0]
-- INFO     [wevo] -- WEVO ran for 17 cycles
Final variation value after 17 wevo cycles:  69955.04867167847
Final weight sum:  0.9850000000000002
Iteration completed successfully
Iteration wallclock: 0:00:00.096219, cputime: 0:00:00


Mon Jul 25 12:48:43 2022
Iteration 5 (50 requested)
Beginning iteration 5
49 segments remain in iteration 5 (49 total)
2 of 10 (20.000000%) active bins are populated
per-bin minimum non-zero probability:       0.015
per-bin maximum probability:                0.985
per-bin probability dynamic range (kT):     4.18459
per-segment minimum non-zero probability:   0.000666667
per-segment maximum non-zero probability:   0.1
per-segment probability dynamic range (kT): 5.01064
norm = 1, error in norm = 0 (0*epsilon)
Waiting for segments to complete...
pcoords [8.702159 8.900419 8.960127 8.929248 8.821894 8.899619 8.947146 8.904528]
weights [0.0025 0.0025 0.0025 0.0025 0.0025 0.0025 0.0025 0.005 ]
-- INFO     [wevo] -- Using greedy merge algorithm
-- INFO     [wevo] -- Starting variance optimization: 7.013031264651296
-- INFO     [wevo] -- Running cycle 1
-- INFO     [wevo] -- Variance move to 12.411045437704848 accepted
-- INFO     [wevo] -- variance after selection: 12.02772784377568
-- INFO     [wevo] -- Running cycle 2
-- INFO     [wevo] -- Variance move to 16.141301283233545 accepted
-- INFO     [wevo] -- variance after selection: 17.04015239824337
-- INFO     [wevo] -- Running cycle 3
-- INFO     [wevo] -- Variance move to 19.831963753907992 accepted
-- INFO     [wevo] -- variance after selection: 19.965276996416158
-- INFO     [wevo] -- Running cycle 4
-- INFO     [wevo] -- Variance move to 22.723073371782714 accepted
-- INFO     [wevo] -- variance after selection: 22.444649437022786
-- INFO     [wevo] -- Running cycle 5
-- INFO     [wevo] -- Variance move to 23.740991761861576 accepted
-- INFO     [wevo] -- variance after selection: 23.26976535965528
-- INFO     [wevo] -- Running cycle 6
-- INFO     [wevo] -- Not productive
-- INFO     [wevo] -- 
To merge: 8 total: 5 being merged 
 [[], [], [], [], [], [], [], [1, 4, 5, 3, 6]]
-- INFO     [wevo] -- 
To split: 8 total: 5 being split 
 [3, 0, 2, 0, 0, 0, 0, 0]
-- INFO     [wevo] -- WEVO ran for 6 cycles
Final variation value after 6 wevo cycles:  23.26976535965528
Final weight sum:  0.0225
pcoords [9.859849 9.062803 9.04095  9.314315 9.107012 9.792278 9.988433 9.987669
 9.999134 9.940755 9.884738 9.904693 9.189342 9.181293 9.264194 9.283613
 9.691362 9.450311 9.551955 9.473641 9.340632 9.377871 9.812759 9.1984
 9.55044  9.476195 9.74696  9.699889 9.310447 9.679268 9.340516 9.500174
 9.421491 9.002397 9.651165 9.579726 9.675688 9.550519 9.440454 9.225314
 9.573968]
weights [0.00066667 0.0025     0.0025     0.0025     0.0025     0.00285714
 0.00285714 0.00285714 0.00285714 0.00285714 0.00285714 0.00285714
 0.005      0.02       0.02       0.02       0.02       0.02
 0.02       0.02       0.02       0.02       0.02       0.02
 0.02       0.02       0.02       0.02       0.02       0.02
 0.02       0.02       0.02       0.04       0.06       0.06
 0.06294444 0.07022222 0.072      0.07666667 0.1       ]
-- INFO     [wevo] -- Using greedy merge algorithm
-- INFO     [wevo] -- Starting variance optimization: 23401.623193838837
-- INFO     [wevo] -- Running cycle 1
-- INFO     [wevo] -- Variance move to 27015.423854474142 accepted
-- INFO     [wevo] -- variance after selection: 27011.58102818973
-- INFO     [wevo] -- Running cycle 2
-- INFO     [wevo] -- Variance move to 30499.170754199436 accepted
-- INFO     [wevo] -- variance after selection: 30501.44005422264
-- INFO     [wevo] -- Running cycle 3
-- INFO     [wevo] -- Variance move to 33968.27198844564 accepted
-- INFO     [wevo] -- variance after selection: 33962.670111750944
-- INFO     [wevo] -- Running cycle 4
-- INFO     [wevo] -- Variance move to 37668.37224502521 accepted
-- INFO     [wevo] -- variance after selection: 37668.2832864075
-- INFO     [wevo] -- Running cycle 5
-- INFO     [wevo] -- Variance move to 40979.18040271088 accepted
-- INFO     [wevo] -- variance after selection: 40964.82721455061
-- INFO     [wevo] -- Running cycle 6
-- INFO     [wevo] -- Variance move to 43758.55944505003 accepted
-- INFO     [wevo] -- variance after selection: 43676.1706855844
-- INFO     [wevo] -- Running cycle 7
-- INFO     [wevo] -- Variance move to 46371.575237425895 accepted
-- INFO     [wevo] -- variance after selection: 46324.23389375853
-- INFO     [wevo] -- Running cycle 8
-- INFO     [wevo] -- Variance move to 48187.902847424906 accepted
-- INFO     [wevo] -- variance after selection: 48116.755164866845
-- INFO     [wevo] -- Running cycle 9
-- INFO     [wevo] -- Variance move to 50251.09522284509 accepted
-- INFO     [wevo] -- variance after selection: 50233.72107036324
-- INFO     [wevo] -- Running cycle 10
-- INFO     [wevo] -- Variance move to 51371.38946671998 accepted
-- INFO     [wevo] -- variance after selection: 51279.080274089276
-- INFO     [wevo] -- Running cycle 11
-- INFO     [wevo] -- Variance move to 53058.37733842495 accepted
-- INFO     [wevo] -- variance after selection: 52975.01593445069
-- INFO     [wevo] -- Running cycle 12
-- INFO     [wevo] -- Not productive
-- INFO     [wevo] -- 
To merge: 41 total: 11 being merged 
 [[], [], [], [], [], [], [], [], [], [], [], [], [], [], [], [], [], [], [], [31, 25, 17, 3, 12, 5, 4, 0, 1, 10], [], [], [], [], [37], [], [], [], [], [], [], [], [], [], [], [], [], [], [], [], []]
-- INFO     [wevo] -- 
To split: 41 total: 11 being split 
 [0, 0, 0, 0, 0, 0, 1, 0, 3, 0, 0, 0, 0, 0, 0, 0, 0, 0, 0, 0, 0, 0, 0, 0, 0, 0, 0, 0, 0, 0, 0, 0, 0, 7, 0, 0, 0, 0, 0, 0, 0]
-- INFO     [wevo] -- WEVO ran for 12 cycles
Final variation value after 12 wevo cycles:  52975.01593445069
Final weight sum:  0.9774999999999999
Iteration completed successfully
Iteration wallclock: 0:00:00.078985, cputime: 0:00:00


Mon Jul 25 12:48:43 2022
Iteration 6 (50 requested)
Beginning iteration 6
47 segments remain in iteration 6 (47 total)
2 of 10 (20.000000%) active bins are populated
per-bin minimum non-zero probability:       0.0225
per-bin maximum probability:                0.9775
per-bin probability dynamic range (kT):     3.77148
per-segment minimum non-zero probability:   0.000833333
per-segment maximum non-zero probability:   0.1
per-segment probability dynamic range (kT): 4.78749
norm = 1, error in norm = 2.22045e-16 (1*epsilon)
Waiting for segments to complete...
pcoords [8.661899 8.565586 8.756437 8.983515 8.834711 8.732923 8.978463 8.845961
 8.814134 8.975624 8.749331]
weights [0.00083333 0.00083333 0.00083333 0.00125    0.005      0.00571429
 0.00571429 0.00571429 0.00571429 0.00571429 0.0125    ]
-- INFO     [wevo] -- Using greedy merge algorithm
-- INFO     [wevo] -- Starting variance optimization: 71.19780607288841
-- INFO     [wevo] -- Running cycle 1
-- INFO     [wevo] -- Variance move to 107.75179875739776 accepted
-- INFO     [wevo] -- variance after selection: 107.29377794938924
-- INFO     [wevo] -- Running cycle 2
-- INFO     [wevo] -- Variance move to 141.10560964277659 accepted
-- INFO     [wevo] -- variance after selection: 141.11955493780457
-- INFO     [wevo] -- Running cycle 3
-- INFO     [wevo] -- Variance move to 174.3196440845033 accepted
-- INFO     [wevo] -- variance after selection: 173.9581889239181
-- INFO     [wevo] -- Running cycle 4
-- INFO     [wevo] -- Variance move to 211.97815790756502 accepted
-- INFO     [wevo] -- variance after selection: 210.79554432305173
-- INFO     [wevo] -- Running cycle 5
-- INFO     [wevo] -- Variance move to 251.34277179931019 accepted
-- INFO     [wevo] -- variance after selection: 251.3240229940682
-- INFO     [wevo] -- Running cycle 6
-- INFO     [wevo] -- Variance move to 285.388899489248 accepted
-- INFO     [wevo] -- variance after selection: 285.06225840954164
-- INFO     [wevo] -- Running cycle 7
-- INFO     [wevo] -- Not productive
-- INFO     [wevo] -- 
To merge: 11 total: 6 being merged 
 [[], [], [], [], [], [], [], [], [4, 7, 10, 2, 5, 0], [], []]
-- INFO     [wevo] -- 
To split: 11 total: 6 being split 
 [0, 4, 0, 1, 0, 0, 1, 0, 0, 0, 0]
-- INFO     [wevo] -- WEVO ran for 7 cycles
Final variation value after 7 wevo cycles:  285.06225840954164
Final weight sum:  0.04982142857142857
pcoords [9.985285 9.979403 9.858251 9.186614 9.098032 9.892224 9.942823 9.943408
 9.659494 9.133794 9.215378 9.09387  9.50418  9.582384 9.208922 9.530896
 9.718903 9.443474 9.545251 9.580907 9.198912 9.418593 9.380425 9.369839
 9.212487 9.398384 9.397593 9.600353 9.67135  9.344747 9.719967 9.510676
 9.424481 9.145845 9.437064 9.485331]
weights [0.00095238 0.00095238 0.00095238 0.00125    0.0025     0.00285714
 0.00285714 0.00285714 0.00285714 0.00571429 0.00571429 0.02
 0.02       0.02       0.02       0.02       0.02       0.02
 0.02       0.02       0.02       0.02       0.02       0.02
 0.02       0.02       0.02       0.02       0.06       0.06
 0.06294444 0.07022222 0.072      0.07666667 0.07888095 0.1       ]
-- INFO     [wevo] -- Using greedy merge algorithm
-- INFO     [wevo] -- Starting variance optimization: 13849.255435558478
-- INFO     [wevo] -- Running cycle 1
-- INFO     [wevo] -- Variance move to 15942.190363782545 accepted
-- INFO     [wevo] -- variance after selection: 15943.021391481661
-- INFO     [wevo] -- Running cycle 2
-- INFO     [wevo] -- Variance move to 17941.31695306201 accepted
-- INFO     [wevo] -- variance after selection: 17940.52488218298
-- INFO     [wevo] -- Running cycle 3
-- INFO     [wevo] -- Variance move to 19915.752607337407 accepted
-- INFO     [wevo] -- variance after selection: 19908.72839304518
-- INFO     [wevo] -- Running cycle 4
-- INFO     [wevo] -- Variance move to 22059.10014935531 accepted
-- INFO     [wevo] -- variance after selection: 22054.593734436698
-- INFO     [wevo] -- Running cycle 5
-- INFO     [wevo] -- Variance move to 24079.164313391742 accepted
-- INFO     [wevo] -- variance after selection: 24074.491733718685
-- INFO     [wevo] -- Running cycle 6
-- INFO     [wevo] -- Variance move to 25233.63555515006 accepted
-- INFO     [wevo] -- variance after selection: 25218.10454140725
-- INFO     [wevo] -- Running cycle 7
-- INFO     [wevo] -- Variance move to 26454.464278272062 accepted
-- INFO     [wevo] -- variance after selection: 26372.975960612977
-- INFO     [wevo] -- Running cycle 8
-- INFO     [wevo] -- Variance move to 27165.58354862786 accepted
-- INFO     [wevo] -- variance after selection: 27109.67481708497
-- INFO     [wevo] -- Running cycle 9
-- INFO     [wevo] -- Variance move to 28175.216984343755 accepted
-- INFO     [wevo] -- variance after selection: 28154.14172018757
-- INFO     [wevo] -- Running cycle 10
-- INFO     [wevo] -- Variance move to 28310.043757413372 accepted
-- INFO     [wevo] -- variance after selection: 28233.735057443657
-- INFO     [wevo] -- Running cycle 11
-- INFO     [wevo] -- Variance move to 28477.251544706894 accepted
-- INFO     [wevo] -- variance after selection: 28402.89967090144
-- INFO     [wevo] -- Running cycle 12
-- INFO     [wevo] -- Not productive
-- INFO     [wevo] -- 
To merge: 36 total: 11 being merged 
 [[], [], [], [], [], [], [], [], [], [], [], [], [], [], [], [], [], [], [15, 19, 13, 8, 2, 10, 5, 3, 6, 7], [], [], [], [], [], [], [], [], [], [], [], [], [12], [], [], [], []]
-- INFO     [wevo] -- 
To split: 36 total: 11 being split 
 [5, 2, 0, 0, 0, 0, 0, 0, 0, 0, 0, 4, 0, 0, 0, 0, 0, 0, 0, 0, 0, 0, 0, 0, 0, 0, 0, 0, 0, 0, 0, 0, 0, 0, 0, 0]
-- INFO     [wevo] -- WEVO ran for 12 cycles
Final variation value after 12 wevo cycles:  28402.89967090144
Final weight sum:  0.9501785714285714
Iteration completed successfully
Iteration wallclock: 0:00:00.070806, cputime: 0:00:00


Mon Jul 25 12:48:43 2022
Iteration 7 (50 requested)
Beginning iteration 7
44 segments remain in iteration 7 (44 total)
2 of 10 (20.000000%) active bins are populated
per-bin minimum non-zero probability:       0.0498214
per-bin maximum probability:                0.950179
per-bin probability dynamic range (kT):     2.9482
per-segment minimum non-zero probability:   0.000190476
per-segment maximum non-zero probability:   0.1
per-segment probability dynamic range (kT): 6.2634
norm = 1, error in norm = 0 (0*epsilon)
Waiting for segments to complete...
pcoords [8.712496  8.430875  8.485644  8.5672455 8.990924  8.559163  8.709914 ]
weights [0.00020833 0.00020833 0.00020833 0.00020833 0.00571429 0.00571429
 0.03059524]
-- INFO     [wevo] -- Using greedy merge algorithm
-- INFO     [wevo] -- Starting variance optimization: 105.94580110941546
-- INFO     [wevo] -- Running cycle 1
-- INFO     [wevo] -- Variance move to 191.03428457978512 accepted
-- INFO     [wevo] -- variance after selection: 191.03452168251962
-- INFO     [wevo] -- Running cycle 2
-- INFO     [wevo] -- Variance move to 243.4319060734541 accepted
-- INFO     [wevo] -- variance after selection: 243.21530418078777
-- INFO     [wevo] -- Running cycle 3
-- INFO     [wevo] -- Variance move to 310.82862481218615 accepted
-- INFO     [wevo] -- variance after selection: 305.5610876002259
-- INFO     [wevo] -- Running cycle 4
-- INFO     [wevo] -- Variance move to 335.9847687513652 accepted
-- INFO     [wevo] -- variance after selection: 335.5588799738942
-- INFO     [wevo] -- Running cycle 5
-- INFO     [wevo] -- Not productive
-- INFO     [wevo] -- 
To merge: 7 total: 4 being merged 
 [[], [], [], [], [], [], [0, 3, 5, 2]]
-- INFO     [wevo] -- 
To split: 7 total: 4 being split 
 [0, 2, 0, 0, 2, 0, 0]
-- INFO     [wevo] -- WEVO ran for 5 cycles
Final variation value after 5 wevo cycles:  335.5588799738942
Final weight sum:  0.04285714285714286
pcoords [9.933822  9.8417015 9.995837  9.914683  9.973359  9.938765  9.833434
 9.194521  9.220871  9.293601  9.005341  9.085234  9.518709  9.042662
 9.127364  9.514812  9.25378   9.253936  9.549506  9.509243  9.485453
 9.535647  9.35263   9.318547  9.309293  9.0682    9.37036   9.120189
 9.458361  9.574472  9.679533  9.316472  9.418047  9.185625  9.367201
 9.637411  9.568012 ]
weights [0.00019048 0.00019048 0.00019048 0.00019048 0.00019048 0.00047619
 0.00047619 0.00125    0.0025     0.005      0.005      0.005
 0.005      0.00571429 0.00571429 0.02       0.02       0.02
 0.02       0.02       0.02       0.02       0.02       0.02
 0.02       0.02       0.02       0.02       0.06       0.06
 0.06294444 0.07022222 0.072      0.07666667 0.07888095 0.07934524
 0.1       ]
-- INFO     [wevo] -- Using greedy merge algorithm
-- INFO     [wevo] -- Starting variance optimization: 18594.530692573244
-- INFO     [wevo] -- Running cycle 1
-- INFO     [wevo] -- Variance move to 21452.831015785494 accepted
-- INFO     [wevo] -- variance after selection: 21452.534666596937
-- INFO     [wevo] -- Running cycle 2
-- INFO     [wevo] -- Variance move to 24192.19367835833 accepted
-- INFO     [wevo] -- variance after selection: 24194.057868816366
-- INFO     [wevo] -- Running cycle 3
-- INFO     [wevo] -- Variance move to 26900.502817286753 accepted
-- INFO     [wevo] -- variance after selection: 26894.57346946641
-- INFO     [wevo] -- Running cycle 4
-- INFO     [wevo] -- Variance move to 29817.16751115749 accepted
-- INFO     [wevo] -- variance after selection: 29818.261927303265
-- INFO     [wevo] -- Running cycle 5
-- INFO     [wevo] -- Variance move to 32291.941917696087 accepted
-- INFO     [wevo] -- variance after selection: 32265.83452318467
-- INFO     [wevo] -- Running cycle 6
-- INFO     [wevo] -- Variance move to 34470.86502841031 accepted
-- INFO     [wevo] -- variance after selection: 34443.30466065631
-- INFO     [wevo] -- Running cycle 7
-- INFO     [wevo] -- Variance move to 36526.95672487465 accepted
-- INFO     [wevo] -- variance after selection: 36510.68459708587
-- INFO     [wevo] -- Running cycle 8
-- INFO     [wevo] -- Variance move to 38201.92869749157 accepted
-- INFO     [wevo] -- variance after selection: 38193.36246873526
-- INFO     [wevo] -- Running cycle 9
-- INFO     [wevo] -- Variance move to 39816.164062713186 accepted
-- INFO     [wevo] -- variance after selection: 39812.13482502161
-- INFO     [wevo] -- Running cycle 10
-- INFO     [wevo] -- Variance move to 40844.0933779153 accepted
-- INFO     [wevo] -- variance after selection: 40710.45830848742
-- INFO     [wevo] -- Running cycle 11
-- INFO     [wevo] -- Variance move to 43861.731328139496 accepted
-- INFO     [wevo] -- variance after selection: 43873.36191225744
-- INFO     [wevo] -- Running cycle 12
-- INFO     [wevo] -- Variance move to 44714.024520398874 accepted
-- INFO     [wevo] -- variance after selection: 44707.98339837553
-- INFO     [wevo] -- Running cycle 13
-- INFO     [wevo] -- Variance move to 45239.267727781145 accepted
-- INFO     [wevo] -- variance after selection: 45232.559224271026
-- INFO     [wevo] -- Running cycle 14
-- INFO     [wevo] -- Not productive
-- INFO     [wevo] -- 
To merge: 37 total: 13 being merged 
 [[], [], [], [], [], [], [], [], [], [], [], [], [], [], [], [], [], [], [], [], [19, 15, 12, 21, 9, 8, 7, 6, 1, 11, 3, 0], [], [], [], [], [], [], [], [], [18], [], [], [], [], [], [], []]
-- INFO     [wevo] -- 
To split: 37 total: 13 being split 
 [0, 0, 8, 0, 0, 0, 0, 0, 0, 0, 5, 0, 0, 0, 0, 0, 0, 0, 0, 0, 0, 0, 0, 0, 0, 0, 0, 0, 0, 0, 0, 0, 0, 0, 0, 0, 0]
-- INFO     [wevo] -- WEVO ran for 14 cycles
Final variation value after 14 wevo cycles:  45232.559224271026
Final weight sum:  0.9571428571428573
Iteration completed successfully
Iteration wallclock: 0:00:00.071198, cputime: 0:00:00


Mon Jul 25 12:48:43 2022
Iteration 8 (50 requested)
Beginning iteration 8
43 segments remain in iteration 8 (43 total)
2 of 10 (20.000000%) active bins are populated
per-bin minimum non-zero probability:       0.0428571
per-bin maximum probability:                0.957143
per-bin probability dynamic range (kT):     3.10608
per-segment minimum non-zero probability:   2.38095e-05
per-segment maximum non-zero probability:   0.1
per-segment probability dynamic range (kT): 8.34284
norm = 1, error in norm = -1.11022e-16 (-0.5*epsilon)
Waiting for segments to complete...
pcoords [8.522516  8.3746805 8.74745   8.938291  8.853489  8.883432  8.954723
 8.512173  8.884428  8.7634945]
weights [0.00010417 0.00010417 0.001      0.001      0.001      0.00285714
 0.00571429 0.00633929 0.02       0.03059524]
-- INFO     [wevo] -- Using greedy merge algorithm
-- INFO     [wevo] -- Starting variance optimization: 271.37754340704777
-- INFO     [wevo] -- Running cycle 1
-- INFO     [wevo] -- Variance move to 410.9076870180411 accepted
-- INFO     [wevo] -- variance after selection: 411.0025465155128
-- INFO     [wevo] -- Running cycle 2
-- INFO     [wevo] -- Variance move to 495.13143326513625 accepted
-- INFO     [wevo] -- variance after selection: 493.8564552071804
-- INFO     [wevo] -- Running cycle 3
-- INFO     [wevo] -- Variance move to 560.0179644293754 accepted
-- INFO     [wevo] -- variance after selection: 554.9658077052692
-- INFO     [wevo] -- Running cycle 4
-- INFO     [wevo] -- Variance move to 629.3890537031695 accepted
-- INFO     [wevo] -- variance after selection: 606.3251493620978
-- INFO     [wevo] -- Running cycle 5
-- INFO     [wevo] -- Not productive
-- INFO     [wevo] -- 
To merge: 10 total: 4 being merged 
 [[], [], [], [], [], [], [], [], [], [2, 4, 5, 8]]
-- INFO     [wevo] -- 
To split: 10 total: 4 being split 
 [0, 2, 0, 0, 0, 0, 2, 0, 0, 0]
-- INFO     [wevo] -- WEVO ran for 5 cycles
Final variation value after 5 wevo cycles:  606.3251493620978
Final weight sum:  0.06871428571428571
pcoords [9.764045  9.833583  9.894583  9.878431  9.854543  9.874648  9.878864
 9.881174  9.962388  9.9945545 9.046444  9.078061  9.366137  9.208774
 9.484455  9.229373  9.643434  9.252977  9.0137005 9.427024  9.490424
 9.387356  9.655887  9.666123  9.539303  9.372348  9.113393  9.32681
 9.311415  9.402722  9.602323  9.512001  9.684968 ]
weights [2.38095238e-05 2.38095238e-05 2.38095238e-05 2.38095238e-05
 2.38095238e-05 2.38095238e-05 2.38095238e-05 2.38095238e-05
 1.90476190e-04 4.76190476e-04 1.00000000e-03 1.00000000e-03
 2.85714286e-03 5.71428571e-03 2.00000000e-02 2.00000000e-02
 2.00000000e-02 2.00000000e-02 2.00000000e-02 2.00000000e-02
 2.00000000e-02 2.00000000e-02 2.00000000e-02 6.00000000e-02
 6.00000000e-02 6.29444444e-02 7.02222222e-02 7.20000000e-02
 7.66666667e-02 7.88809524e-02 7.93452381e-02 7.97976190e-02
 1.00000000e-01]
-- INFO     [wevo] -- Using greedy merge algorithm
-- INFO     [wevo] -- Starting variance optimization: 13854.708953709885
-- INFO     [wevo] -- Running cycle 1
-- INFO     [wevo] -- Variance move to 16386.751364922526 accepted
-- INFO     [wevo] -- variance after selection: 16387.23309989258
-- INFO     [wevo] -- Running cycle 2
-- INFO     [wevo] -- Variance move to 18799.74584612618 accepted
-- INFO     [wevo] -- variance after selection: 18789.93269847377
-- INFO     [wevo] -- Running cycle 3
-- INFO     [wevo] -- Variance move to 21242.541658252994 accepted
-- INFO     [wevo] -- variance after selection: 21214.05665696869
-- INFO     [wevo] -- Running cycle 4
-- INFO     [wevo] -- Variance move to 23772.944099071065 accepted
-- INFO     [wevo] -- variance after selection: 23767.818914720025
-- INFO     [wevo] -- Running cycle 5
-- INFO     [wevo] -- Variance move to 25579.55358606072 accepted
-- INFO     [wevo] -- variance after selection: 25514.652337368985
-- INFO     [wevo] -- Running cycle 6
-- INFO     [wevo] -- Variance move to 28232.6254551664 accepted
-- INFO     [wevo] -- variance after selection: 28179.78661227987
-- INFO     [wevo] -- Running cycle 7
-- INFO     [wevo] -- Variance move to 30313.08785375129 accepted
-- INFO     [wevo] -- variance after selection: 30312.80902709513
-- INFO     [wevo] -- Running cycle 8
-- INFO     [wevo] -- Variance move to 32231.527707054487 accepted
-- INFO     [wevo] -- variance after selection: 32231.077693498628
-- INFO     [wevo] -- Running cycle 9
-- INFO     [wevo] -- Variance move to 33936.17518132984 accepted
-- INFO     [wevo] -- variance after selection: 33935.66576209095
-- INFO     [wevo] -- Running cycle 10
-- INFO     [wevo] -- Variance move to 35427.25155145307 accepted
-- INFO     [wevo] -- variance after selection: 35426.67932495298
-- INFO     [wevo] -- Running cycle 11
-- INFO     [wevo] -- Variance move to 36825.42323763446 accepted
-- INFO     [wevo] -- variance after selection: 36824.77150269563
-- INFO     [wevo] -- Running cycle 12
-- INFO     [wevo] -- Variance move to 38375.40384816303 accepted
-- INFO     [wevo] -- variance after selection: 38374.755230719034
-- INFO     [wevo] -- Running cycle 13
-- INFO     [wevo] -- Variance move to 39876.980672788995 accepted
-- INFO     [wevo] -- variance after selection: 39876.327719756606
-- INFO     [wevo] -- Running cycle 14
-- INFO     [wevo] -- Variance move to 40644.78390118726 accepted
-- INFO     [wevo] -- variance after selection: 40612.82076645641
-- INFO     [wevo] -- Running cycle 15
-- INFO     [wevo] -- Variance move to 42129.44049398574 accepted
-- INFO     [wevo] -- variance after selection: 42128.799021444254
-- INFO     [wevo] -- Running cycle 16
-- INFO     [wevo] -- Variance move to 42413.8050222897 accepted
-- INFO     [wevo] -- variance after selection: 42375.35092598653
-- INFO     [wevo] -- Running cycle 17
-- INFO     [wevo] -- Variance move to 46277.38683582541 accepted
-- INFO     [wevo] -- variance after selection: 46277.38683582541
-- INFO     [wevo] -- Running cycle 18
-- INFO     [wevo] -- Variance move to 46352.73042754855 accepted
-- INFO     [wevo] -- variance after selection: 46343.75093659814
-- INFO     [wevo] -- Running cycle 19
-- INFO     [wevo] -- Not productive
-- INFO     [wevo] -- 
To merge: 33 total: 18 being merged 
 [[], [], [], [], [], [], [], [], [], [], [], [], [], [], [20, 19, 21, 12, 13, 0, 1, 4, 5, 3, 6, 7, 11, 10, 8], [], [], [], [], [], [], [], [], [], [], [], [], [], [], [], [], [16, 2, 10], []]
-- INFO     [wevo] -- 
To split: 33 total: 18 being split 
 [0, 0, 0, 0, 0, 0, 0, 0, 0, 9, 0, 0, 0, 0, 0, 0, 0, 0, 9, 0, 0, 0, 0, 0, 0, 0, 0, 0, 0, 0, 0, 0, 0]
-- INFO     [wevo] -- WEVO ran for 19 cycles
Final variation value after 19 wevo cycles:  46343.75093659814
Final weight sum:  0.9312857142857144
Iteration completed successfully
Iteration wallclock: 0:00:00.067802, cputime: 0:00:00


Mon Jul 25 12:48:43 2022
Iteration 9 (50 requested)
Beginning iteration 9
43 segments remain in iteration 9 (43 total)
exception caught; shutting down
-- ERROR    [w_run] -- Traceback (most recent call last):
  File "/Users/darian/github/wevo/westpa/src/westpa/cli/core/w_run.py", line 62, in run_simulation
    sim_manager.run()
  File "/Users/darian/github/wevo/westpa/src/westpa/core/sim_manager.py", line 746, in run
    self.prepare_iteration()
  File "/Users/darian/github/wevo/westpa/src/westpa/core/sim_manager.py", line 483, in prepare_iteration
    self.report_bin_statistics(initial_binning, [], save_summary=True)
  File "/Users/darian/github/wevo/westpa/src/westpa/core/sim_manager.py", line 179, in report_bin_statistics
    assert abs(1 - norm) < EPS * (len(segments) + n_active_bins)
AssertionError

